<?xml version="1.0" encoding="UTF-8"?>
<!-- Generated by org.testng.reporters.JUnitXMLReporter -->
<testsuite ignored="0" hostname="DESKTOP-3113IA3" failures="0" tests="5" name="OrangeHRM Tests" time="288.382" errors="0" timestamp="2026-08-15T20:02:14 IST">
  <testcase classname="testClasses.LoginTest" name="verifyValidLogin" time="20.947"/>
  <testcase classname="testClasses.AddEmployeeTest" name="verifyAddEmployee" time="9.852"/>
  <testcase classname="testClasses.SearchEmployeeTest" name="verifySearchEmployee" time="6.877"/>
  <testcase classname="testClasses.EditEmployeeTest" name="verifyEditEmployee" time="25.148"/>
  <testcase classname="testClasses.DeleteEmployeeTest" name="verifyDeleteEmployee" time="20.284"/>
</testsuite> <!-- OrangeHRM Tests -->
