<?xml version="1.0" encoding="UTF-8"?>
<!-- Generated by org.testng.reporters.JUnitXMLReporter -->
<testsuite ignored="0" hostname="DESKTOP-3113IA3" failures="0" tests="3" name="OrangeHRM Tests" time="25.484" errors="0" timestamp="2026-07-14T18:10:11 IST">
  <testcase classname="testClasses.LoginTest" name="verifyValidLogin" time="2.518"/>
  <testcase classname="testClasses.SearchEmployeeTest" name="verifySearchEmployee" time="6.54"/>
  <testcase classname="testClasses.AddEmployeeTest" name="verifyAddEmployee" time="9.873"/>
</testsuite> <!-- OrangeHRM Tests -->
