<?xml version="1.0" encoding="UTF-8"?>
<testng-results ignored="0" total="3" passed="3" failed="0" skipped="0">
  <reporter-output>
  </reporter-output>
  <suite started-at="2026-07-14T18:09:46 IST" name="OrangeHRM Suite" finished-at="2026-07-14T18:10:11 IST" duration-ms="25484">
    <groups>
    </groups>
    <test started-at="2026-07-14T18:09:46 IST" name="OrangeHRM Tests" finished-at="2026-07-14T18:10:11 IST" duration-ms="25484">
      <class name="testClasses.SearchEmployeeTest">
        <test-method is-config="true" signature="setUp()[pri:0, instance:testClasses.SearchEmployeeTest@41a2befb]" started-at="2026-07-14T18:09:46 IST" name="setUp" finished-at="2026-07-14T18:09:52 IST" duration-ms="6818" status="PASS">
          <reporter-output>
          </reporter-output>
        </test-method> <!-- setUp -->
        <test-method signature="verifySearchEmployee()[pri:0, instance:testClasses.SearchEmployeeTest@41a2befb]" started-at="2026-07-14T18:09:52 IST" name="verifySearchEmployee" finished-at="2026-07-14T18:09:59 IST" duration-ms="6540" status="PASS">
          <reporter-output>
          </reporter-output>
        </test-method> <!-- verifySearchEmployee -->
        <test-method is-config="true" signature="tearDown()[pri:0, instance:testClasses.SearchEmployeeTest@41a2befb]" started-at="2026-07-14T18:09:59 IST" name="tearDown" finished-at="2026-07-14T18:09:59 IST" duration-ms="222" status="PASS">
          <reporter-output>
          </reporter-output>
        </test-method> <!-- tearDown -->
      </class> <!-- testClasses.SearchEmployeeTest -->
      <class name="testClasses.LoginTest">
        <test-method is-config="true" signature="setUp()[pri:0, instance:testClasses.LoginTest@77c2494c]" started-at="2026-07-14T18:09:46 IST" name="setUp" finished-at="2026-07-14T18:09:53 IST" duration-ms="7044" status="PASS">
          <reporter-output>
          </reporter-output>
        </test-method> <!-- setUp -->
        <test-method signature="verifyValidLogin()[pri:0, instance:testClasses.LoginTest@77c2494c]" started-at="2026-07-14T18:09:53 IST" name="verifyValidLogin" finished-at="2026-07-14T18:09:55 IST" duration-ms="2518" status="PASS">
          <reporter-output>
          </reporter-output>
        </test-method> <!-- verifyValidLogin -->
        <test-method is-config="true" signature="tearDown()[pri:0, instance:testClasses.LoginTest@77c2494c]" started-at="2026-07-14T18:09:56 IST" name="tearDown" finished-at="2026-07-14T18:09:56 IST" duration-ms="310" status="PASS">
          <reporter-output>
          </reporter-output>
        </test-method> <!-- tearDown -->
      </class> <!-- testClasses.LoginTest -->
      <class name="testClasses.AddEmployeeTest">
        <test-method is-config="true" signature="setUp()[pri:0, instance:testClasses.AddEmployeeTest@77f1baf5]" started-at="2026-07-14T18:09:47 IST" name="setUp" finished-at="2026-07-14T18:10:00 IST" duration-ms="13421" status="PASS">
          <reporter-output>
          </reporter-output>
        </test-method> <!-- setUp -->
        <test-method signature="verifyAddEmployee(java.lang.String,java.lang.String,java.lang.String)[pri:0, instance:testClasses.AddEmployeeTest@77f1baf5]" started-at="2026-07-14T18:10:00 IST" name="verifyAddEmployee" data-provider="EmployeeData" finished-at="2026-07-14T18:10:10 IST" duration-ms="9873" status="PASS">
          <params>
            <param index="0">
              <value>
                <![CDATA[Raja]]>
              </value>
            </param>
            <param index="1">
              <value>
                <![CDATA[Kumar]]>
              </value>
            </param>
            <param index="2">
              <value>
                <![CDATA[A]]>
              </value>
            </param>
          </params>
          <reporter-output>
          </reporter-output>
        </test-method> <!-- verifyAddEmployee -->
        <test-method is-config="true" signature="tearDown()[pri:0, instance:testClasses.AddEmployeeTest@77f1baf5]" started-at="2026-07-14T18:10:10 IST" name="tearDown" finished-at="2026-07-14T18:10:11 IST" duration-ms="918" status="PASS">
          <reporter-output>
          </reporter-output>
        </test-method> <!-- tearDown -->
      </class> <!-- testClasses.AddEmployeeTest -->
    </test> <!-- OrangeHRM Tests -->
  </suite> <!-- OrangeHRM Suite -->
</testng-results>
