<?xml version="1.0" encoding="UTF-8"?>
<testng-results ignored="0" total="1" passed="1" failed="0" skipped="0">
  <reporter-output>
  </reporter-output>
  <suite started-at="2026-07-10T18:53:08 IST" name="Default suite" finished-at="2026-07-10T18:53:19 IST" duration-ms="11374">
    <groups>
    </groups>
    <test started-at="2026-07-10T18:53:08 IST" name="Default test" finished-at="2026-07-10T18:53:19 IST" duration-ms="11374">
      <class name="testClasses.SearchEmployeeTest">
        <test-method is-config="true" signature="setUp()[pri:0, instance:testClasses.SearchEmployeeTest@229f66ed]" started-at="2026-07-10T18:53:08 IST" name="setUp" finished-at="2026-07-10T18:53:13 IST" duration-ms="5034" status="PASS">
          <reporter-output>
          </reporter-output>
        </test-method> <!-- setUp -->
        <test-method signature="verifySearchEmployee()[pri:0, instance:testClasses.SearchEmployeeTest@229f66ed]" started-at="2026-07-10T18:53:13 IST" name="verifySearchEmployee" finished-at="2026-07-10T18:53:19 IST" duration-ms="5889" status="PASS">
          <reporter-output>
          </reporter-output>
        </test-method> <!-- verifySearchEmployee -->
        <test-method is-config="true" signature="tearDown()[pri:0, instance:testClasses.SearchEmployeeTest@229f66ed]" started-at="2026-07-10T18:53:19 IST" name="tearDown" finished-at="2026-07-10T18:53:19 IST" duration-ms="269" status="PASS">
          <reporter-output>
          </reporter-output>
        </test-method> <!-- tearDown -->
      </class> <!-- testClasses.SearchEmployeeTest -->
    </test> <!-- Default test -->
  </suite> <!-- Default suite -->
</testng-results>
