<?xml version="1.0" encoding="UTF-8"?>
<!-- Generated by org.testng.reporters.JUnitReportReporter -->
<testsuite hostname="DESKTOP-3113IA3" failures="0" tests="3" name="testClasses.EditEmployeeTest" time="135.024" errors="0" timestamp="2026-07-14T18:01:24 IST" skipped="2">
  <testcase classname="testClasses.EditEmployeeTest" name="verifyEditEmployee" time="48.201">
    <skipped/>
  </testcase> <!-- verifyEditEmployee -->
  <testcase classname="testClasses.EditEmployeeTest" name="verifyEditEmployee" time="48.622">
    <skipped/>
  </testcase> <!-- verifyEditEmployee -->
  <testcase classname="testClasses.EditEmployeeTest" name="verifyEditEmployee" time="38.201"/>
</testsuite> <!-- testClasses.EditEmployeeTest -->
