<?xml version="1.0" encoding="UTF-8"?>
<!-- Generated by org.testng.reporters.JUnitReportReporter -->
<testsuite hostname="DESKTOP-3113IA3" failures="0" tests="6" name="testClasses.AddEmployeeTest" time="91.927" errors="0" timestamp="2026-07-11T17:44:36 IST" skipped="0">
  <testcase classname="testClasses.AddEmployeeTest" name="verifyAddEmployee" time="13.795"/>
  <testcase classname="testClasses.AddEmployeeTest" name="verifyAddEmployee" time="14.358"/>
  <testcase classname="testClasses.AddEmployeeTest" name="verifyAddEmployee" time="14.277"/>
  <testcase classname="testClasses.AddEmployeeTest" name="verifyAddEmployee" time="14.329"/>
  <testcase classname="testClasses.AddEmployeeTest" name="verifyAddEmployee" time="13.505"/>
  <testcase classname="testClasses.AddEmployeeTest" name="verifyAddEmployee" time="21.663"/>
</testsuite> <!-- testClasses.AddEmployeeTest -->
