<?xml version="1.0" encoding="UTF-8"?>
<!-- Generated by org.testng.reporters.JUnitReportReporter -->
<testsuite hostname="DESKTOP-3113IA3" failures="0" tests="2" name="testClasses.EditEmployeeTest" time="19.777" errors="0" timestamp="2026-07-18T10:41:45 IST" skipped="1">
  <testcase classname="testClasses.EditEmployeeTest" name="verifyEditEmployee" time="10.704"/>
  <testcase classname="testClasses.EditEmployeeTest" name="verifyEditEmployee" time="9.073">
    <skipped/>
  </testcase> <!-- verifyEditEmployee -->
</testsuite> <!-- testClasses.EditEmployeeTest -->
